<?xml version="1.0" encoding="UTF-8"?>
<!-- Generated by org.testng.reporters.JUnitReportReporter -->
<testsuite skipped="1" hostname="G2RWJPN2E" name="Demo.Test3" tests="2" failures="0" timestamp="2020-10-08T12:13:54 IST" time="0.001" errors="0">
  <testcase name="testA" time="0.001" classname="Demo.Test3"/>
  <system-out/>
  <testcase name="testB" classname="Demo.Test3">
    <skipped/>
  </testcase> <!-- testB -->
  <system-out/>
</testsuite> <!-- Demo.Test3 -->
