<?xml version="1.0" encoding="UTF-8"?>
<!-- Generated by org.testng.reporters.JUnitReportReporter -->
<testsuite skipped="0" hostname="G2RWJPN2E" name="Demo.Test4" tests="2" failures="0" timestamp="2020-10-09T16:45:56 IST" time="0.015" errors="0">
  <testcase name="newTest2" time="0.003" classname="Demo.Test4"/>
  <system-out/>
  <testcase name="newTest" time="0.012" classname="Demo.Test4"/>
  <system-out/>
</testsuite> <!-- Demo.Test4 -->
