<?xml version="1.0" encoding="UTF-8"?>
<!-- Generated by org.testng.reporters.JUnitReportReporter -->
<testsuite skipped="0" hostname="G2RWJPN2E" name="Demo.Test2" tests="2" failures="0" timestamp="2020-10-09T16:45:56 IST" time="0.021" errors="0">
  <testcase name="test3" time="0.017" classname="Demo.Test2"/>
  <system-out/>
  <testcase name="test4" time="0.004" classname="Demo.Test2"/>
  <system-out/>
</testsuite> <!-- Demo.Test2 -->
