<?xml version="1.0" encoding="UTF-8"?>
<!-- Generated by org.testng.reporters.JUnitReportReporter -->
<testsuite skipped="0" hostname="G2RWJPN2E" name="Demo.Annotations" tests="2" failures="0" timestamp="2020-10-08T08:27:29 IST" time="0.018" errors="0">
  <testcase name="show" time="0.004" classname="Demo.Annotations"/>
  <system-out/>
  <testcase name="Login" time="0.014" classname="Demo.Annotations"/>
  <system-out/>
</testsuite> <!-- Demo.Annotations -->
