<?xml version="1.0" encoding="UTF-8"?>
<!-- Generated by org.testng.reporters.JUnitReportReporter -->
<testsuite skipped="0" hostname="G2RWJPN2E" name="Demo.Test1" tests="2" failures="0" timestamp="2020-10-08T12:28:19 IST" time="0.011" errors="0">
  <testcase name="Ztest1" time="0.003" classname="Demo.Test1"/>
  <system-out/>
  <testcase name="Atest2" time="0.008" classname="Demo.Test1"/>
  <system-out/>
</testsuite> <!-- Demo.Test1 -->
